Determining if the system is big endian passed with the following output:
Change Dir: /home/ubuntu/Squeak-3.11.3.2135-src/bld/CMakeFiles/CMakeTmp

Run Build Command:/usr/bin/make "cmTryCompileExec/fast"
/usr/bin/make -f CMakeFiles/cmTryCompileExec.dir/build.make CMakeFiles/cmTryCompileExec.dir/build
make[1]: Entering directory `/home/ubuntu/Squeak-3.11.3.2135-src/bld/CMakeFiles/CMakeTmp'
/usr/bin/cmake -E cmake_progress_report /home/ubuntu/Squeak-3.11.3.2135-src/bld/CMakeFiles/CMakeTmp/CMakeFiles 1
Building C object CMakeFiles/cmTryCompileExec.dir/TestEndianess.c.o
/usr/bin/gcc   -O3 -DNDEBUG     -o CMakeFiles/cmTryCompileExec.dir/TestEndianess.c.o   -c /home/ubuntu/Squeak-3.11.3.2135-src/bld/CMakeFiles/CMakeTmp/TestEndianess.c
Linking C executable cmTryCompileExec
/usr/bin/cmake -E cmake_link_script CMakeFiles/cmTryCompileExec.dir/link.txt --verbose=1
/usr/bin/gcc   -O3 -DNDEBUG     CMakeFiles/cmTryCompileExec.dir/TestEndianess.c.o  -o cmTryCompileExec -rdynamic 
make[1]: Leaving directory `/home/ubuntu/Squeak-3.11.3.2135-src/bld/CMakeFiles/CMakeTmp'

TestEndianess.c:
/* A 16 bit integer is required. */
typedef unsigned short cmakeint16;

/* On a little endian machine, these 16bit ints will give "THIS IS LITTLE ENDIAN."
   On a big endian machine the characters will be exchanged pairwise. */
const cmakeint16 info_little[] =  {0x4854, 0x5349, 0x4920, 0x2053, 0x494c, 0x5454, 0x454c, 0x4520, 0x444e, 0x4149, 0x2e4e, 0x0000};

/* on a big endian machine, these 16bit ints will give "THIS IS BIG ENDIAN."
   On a little endian machine the characters will be exchanged pairwise. */
const cmakeint16 info_big[] =     {0x5448, 0x4953, 0x2049, 0x5320, 0x4249, 0x4720, 0x454e, 0x4449, 0x414e, 0x2e2e, 0x0000};

#ifdef __CLASSIC_C__
int main(argc, argv) int argc; char *argv[];
#else
int main(int argc, char *argv[])
#endif
{
  int require = 0;
  require += info_little[argc];
  require += info_big[argc];
  (void)argv;
  return require;
}


Determining if the include file sys/filio.h exists failed with the following output:
Change Dir: /home/ubuntu/Squeak-3.11.3.2135-src/bld/CMakeFiles/CMakeTmp

Run Build Command:/usr/bin/make "cmTryCompileExec/fast"
/usr/bin/make -f CMakeFiles/cmTryCompileExec.dir/build.make CMakeFiles/cmTryCompileExec.dir/build
make[1]: Entering directory `/home/ubuntu/Squeak-3.11.3.2135-src/bld/CMakeFiles/CMakeTmp'
/usr/bin/cmake -E cmake_progress_report /home/ubuntu/Squeak-3.11.3.2135-src/bld/CMakeFiles/CMakeTmp/CMakeFiles 1
Building C object CMakeFiles/cmTryCompileExec.dir/CheckIncludeFile.c.o
/usr/bin/gcc   -O3 -DNDEBUG     -o CMakeFiles/cmTryCompileExec.dir/CheckIncludeFile.c.o   -c /home/ubuntu/Squeak-3.11.3.2135-src/bld/CMakeFiles/CMakeTmp/CheckIncludeFile.c
/home/ubuntu/Squeak-3.11.3.2135-src/bld/CMakeFiles/CMakeTmp/CheckIncludeFile.c:1:23: error: sys/filio.h: No such file or directory
make[1]: *** [CMakeFiles/cmTryCompileExec.dir/CheckIncludeFile.c.o] Error 1
make[1]: Leaving directory `/home/ubuntu/Squeak-3.11.3.2135-src/bld/CMakeFiles/CMakeTmp'
make: *** [cmTryCompileExec/fast] Error 2


Determining if the function _dyld_present exists failed with the following output:
Change Dir: /home/ubuntu/Squeak-3.11.3.2135-src/bld/CMakeFiles/CMakeTmp

Run Build Command:/usr/bin/make "cmTryCompileExec/fast"
/usr/bin/make -f CMakeFiles/cmTryCompileExec.dir/build.make CMakeFiles/cmTryCompileExec.dir/build
make[1]: Entering directory `/home/ubuntu/Squeak-3.11.3.2135-src/bld/CMakeFiles/CMakeTmp'
/usr/bin/cmake -E cmake_progress_report /home/ubuntu/Squeak-3.11.3.2135-src/bld/CMakeFiles/CMakeTmp/CMakeFiles 1
Building C object CMakeFiles/cmTryCompileExec.dir/CheckFunctionExists.c.o
/usr/bin/gcc   -O3 -DNDEBUG  -DCHECK_FUNCTION_EXISTS=_dyld_present   -o CMakeFiles/cmTryCompileExec.dir/CheckFunctionExists.c.o   -c /usr/share/cmake-2.8/Modules/CheckFunctionExists.c
Linking C executable cmTryCompileExec
/usr/bin/cmake -E cmake_link_script CMakeFiles/cmTryCompileExec.dir/link.txt --verbose=1
/usr/bin/gcc   -O3 -DNDEBUG  -DCHECK_FUNCTION_EXISTS=_dyld_present   CMakeFiles/cmTryCompileExec.dir/CheckFunctionExists.c.o  -o cmTryCompileExec -rdynamic 
CMakeFiles/cmTryCompileExec.dir/CheckFunctionExists.c.o: In function `main':
CheckFunctionExists.c:(.text+0x16): undefined reference to `_dyld_present'
collect2: ld returned 1 exit status
make[1]: Leaving directory `/home/ubuntu/Squeak-3.11.3.2135-src/bld/CMakeFiles/CMakeTmp'
make[1]: *** [cmTryCompileExec] Error 1
make: *** [cmTryCompileExec/fast] Error 2


Determining if the function __snprintf exists failed with the following output:
Change Dir: /home/ubuntu/Squeak-3.11.3.2135-src/bld/CMakeFiles/CMakeTmp

Run Build Command:/usr/bin/make "cmTryCompileExec/fast"
/usr/bin/make -f CMakeFiles/cmTryCompileExec.dir/build.make CMakeFiles/cmTryCompileExec.dir/build
make[1]: Entering directory `/home/ubuntu/Squeak-3.11.3.2135-src/bld/CMakeFiles/CMakeTmp'
/usr/bin/cmake -E cmake_progress_report /home/ubuntu/Squeak-3.11.3.2135-src/bld/CMakeFiles/CMakeTmp/CMakeFiles 1
Building C object CMakeFiles/cmTryCompileExec.dir/CheckFunctionExists.c.o
/usr/bin/gcc   -O3 -DNDEBUG  -DCHECK_FUNCTION_EXISTS=__snprintf   -o CMakeFiles/cmTryCompileExec.dir/CheckFunctionExists.c.o   -c /usr/share/cmake-2.8/Modules/CheckFunctionExists.c
Linking C executable cmTryCompileExec
/usr/bin/cmake -E cmake_link_script CMakeFiles/cmTryCompileExec.dir/link.txt --verbose=1
/usr/bin/gcc   -O3 -DNDEBUG  -DCHECK_FUNCTION_EXISTS=__snprintf   CMakeFiles/cmTryCompileExec.dir/CheckFunctionExists.c.o  -o cmTryCompileExec -rdynamic 
CMakeFiles/cmTryCompileExec.dir/CheckFunctionExists.c.o: In function `main':
CheckFunctionExists.c:(.text+0x16): undefined reference to `__snprintf'
collect2: ld returned 1 exit status
make[1]: Leaving directory `/home/ubuntu/Squeak-3.11.3.2135-src/bld/CMakeFiles/CMakeTmp'
make[1]: *** [cmTryCompileExec] Error 1
make: *** [cmTryCompileExec/fast] Error 2


Determining if the include file sys/ndir.h exists failed with the following output:
Change Dir: /home/ubuntu/Squeak-3.11.3.2135-src/bld/CMakeFiles/CMakeTmp

Run Build Command:/usr/bin/make "cmTryCompileExec/fast"
/usr/bin/make -f CMakeFiles/cmTryCompileExec.dir/build.make CMakeFiles/cmTryCompileExec.dir/build
make[1]: Entering directory `/home/ubuntu/Squeak-3.11.3.2135-src/bld/CMakeFiles/CMakeTmp'
/usr/bin/cmake -E cmake_progress_report /home/ubuntu/Squeak-3.11.3.2135-src/bld/CMakeFiles/CMakeTmp/CMakeFiles 1
Building C object CMakeFiles/cmTryCompileExec.dir/CheckIncludeFile.c.o
/usr/bin/gcc   -O3 -DNDEBUG     -o CMakeFiles/cmTryCompileExec.dir/CheckIncludeFile.c.o   -c /home/ubuntu/Squeak-3.11.3.2135-src/bld/CMakeFiles/CMakeTmp/CheckIncludeFile.c
/home/ubuntu/Squeak-3.11.3.2135-src/bld/CMakeFiles/CMakeTmp/CheckIncludeFile.c:1:22: error: sys/ndir.h: No such file or directory
make[1]: Leaving directory `/home/ubuntu/Squeak-3.11.3.2135-src/bld/CMakeFiles/CMakeTmp'
make[1]: *** [CMakeFiles/cmTryCompileExec.dir/CheckIncludeFile.c.o] Error 1
make: *** [cmTryCompileExec/fast] Error 2


Determining if the include file ndir.h exists failed with the following output:
Change Dir: /home/ubuntu/Squeak-3.11.3.2135-src/bld/CMakeFiles/CMakeTmp

Run Build Command:/usr/bin/make "cmTryCompileExec/fast"
/usr/bin/make -f CMakeFiles/cmTryCompileExec.dir/build.make CMakeFiles/cmTryCompileExec.dir/build
make[1]: Entering directory `/home/ubuntu/Squeak-3.11.3.2135-src/bld/CMakeFiles/CMakeTmp'
/usr/bin/cmake -E cmake_progress_report /home/ubuntu/Squeak-3.11.3.2135-src/bld/CMakeFiles/CMakeTmp/CMakeFiles 1
Building C object CMakeFiles/cmTryCompileExec.dir/CheckIncludeFile.c.o
/usr/bin/gcc   -O3 -DNDEBUG     -o CMakeFiles/cmTryCompileExec.dir/CheckIncludeFile.c.o   -c /home/ubuntu/Squeak-3.11.3.2135-src/bld/CMakeFiles/CMakeTmp/CheckIncludeFile.c
/home/ubuntu/Squeak-3.11.3.2135-src/bld/CMakeFiles/CMakeTmp/CheckIncludeFile.c:1:18: error: ndir.h: No such file or directory
make[1]: Leaving directory `/home/ubuntu/Squeak-3.11.3.2135-src/bld/CMakeFiles/CMakeTmp'
make[1]: *** [CMakeFiles/cmTryCompileExec.dir/CheckIncludeFile.c.o] Error 1
make: *** [cmTryCompileExec/fast] Error 2


Determining if the include file ffi.h exists failed with the following output:
Change Dir: /home/ubuntu/Squeak-3.11.3.2135-src/bld/CMakeFiles/CMakeTmp

Run Build Command:/usr/bin/make "cmTryCompileExec/fast"
/usr/bin/make -f CMakeFiles/cmTryCompileExec.dir/build.make CMakeFiles/cmTryCompileExec.dir/build
make[1]: Entering directory `/home/ubuntu/Squeak-3.11.3.2135-src/bld/CMakeFiles/CMakeTmp'
/usr/bin/cmake -E cmake_progress_report /home/ubuntu/Squeak-3.11.3.2135-src/bld/CMakeFiles/CMakeTmp/CMakeFiles 1
Building C object CMakeFiles/cmTryCompileExec.dir/CheckIncludeFile.c.o
/usr/bin/gcc   -O3 -DNDEBUG     -o CMakeFiles/cmTryCompileExec.dir/CheckIncludeFile.c.o   -c /home/ubuntu/Squeak-3.11.3.2135-src/bld/CMakeFiles/CMakeTmp/CheckIncludeFile.c
/home/ubuntu/Squeak-3.11.3.2135-src/bld/CMakeFiles/CMakeTmp/CheckIncludeFile.c:1:17: error: ffi.h: No such file or directory
make[1]: *** [CMakeFiles/cmTryCompileExec.dir/CheckIncludeFile.c.o] Error 1
make[1]: Leaving directory `/home/ubuntu/Squeak-3.11.3.2135-src/bld/CMakeFiles/CMakeTmp'
make: *** [cmTryCompileExec/fast] Error 2


Determining if the include file ffi/ffi.h exists failed with the following output:
Change Dir: /home/ubuntu/Squeak-3.11.3.2135-src/bld/CMakeFiles/CMakeTmp

Run Build Command:/usr/bin/make "cmTryCompileExec/fast"
/usr/bin/make -f CMakeFiles/cmTryCompileExec.dir/build.make CMakeFiles/cmTryCompileExec.dir/build
make[1]: Entering directory `/home/ubuntu/Squeak-3.11.3.2135-src/bld/CMakeFiles/CMakeTmp'
/usr/bin/cmake -E cmake_progress_report /home/ubuntu/Squeak-3.11.3.2135-src/bld/CMakeFiles/CMakeTmp/CMakeFiles 1
Building C object CMakeFiles/cmTryCompileExec.dir/CheckIncludeFile.c.o
/usr/bin/gcc   -O3 -DNDEBUG     -o CMakeFiles/cmTryCompileExec.dir/CheckIncludeFile.c.o   -c /home/ubuntu/Squeak-3.11.3.2135-src/bld/CMakeFiles/CMakeTmp/CheckIncludeFile.c
/home/ubuntu/Squeak-3.11.3.2135-src/bld/CMakeFiles/CMakeTmp/CheckIncludeFile.c:1:21: error: ffi/ffi.h: No such file or directory
make[1]: Leaving directory `/home/ubuntu/Squeak-3.11.3.2135-src/bld/CMakeFiles/CMakeTmp'
make[1]: *** [CMakeFiles/cmTryCompileExec.dir/CheckIncludeFile.c.o] Error 1
make: *** [cmTryCompileExec/fast] Error 2


Determining if the function openpty exists failed with the following output:
Change Dir: /home/ubuntu/Squeak-3.11.3.2135-src/bld/CMakeFiles/CMakeTmp

Run Build Command:/usr/bin/make "cmTryCompileExec/fast"
/usr/bin/make -f CMakeFiles/cmTryCompileExec.dir/build.make CMakeFiles/cmTryCompileExec.dir/build
make[1]: Entering directory `/home/ubuntu/Squeak-3.11.3.2135-src/bld/CMakeFiles/CMakeTmp'
/usr/bin/cmake -E cmake_progress_report /home/ubuntu/Squeak-3.11.3.2135-src/bld/CMakeFiles/CMakeTmp/CMakeFiles 1
Building C object CMakeFiles/cmTryCompileExec.dir/CheckFunctionExists.c.o
/usr/bin/gcc   -O3 -DNDEBUG  -DCHECK_FUNCTION_EXISTS=openpty   -o CMakeFiles/cmTryCompileExec.dir/CheckFunctionExists.c.o   -c /usr/share/cmake-2.8/Modules/CheckFunctionExists.c
Linking C executable cmTryCompileExec
/usr/bin/cmake -E cmake_link_script CMakeFiles/cmTryCompileExec.dir/link.txt --verbose=1
/usr/bin/gcc   -O3 -DNDEBUG  -DCHECK_FUNCTION_EXISTS=openpty   CMakeFiles/cmTryCompileExec.dir/CheckFunctionExists.c.o  -o cmTryCompileExec -rdynamic 
CMakeFiles/cmTryCompileExec.dir/CheckFunctionExists.c.o: In function `main':
CheckFunctionExists.c:(.text+0x16): undefined reference to `openpty'
collect2: ld returned 1 exit status
make[1]: *** [cmTryCompileExec] Error 1
make[1]: Leaving directory `/home/ubuntu/Squeak-3.11.3.2135-src/bld/CMakeFiles/CMakeTmp'
make: *** [cmTryCompileExec/fast] Error 2


